# JRE version: OpenJDK Runtime Environment Temurin-22.0.1+8 (22.0.1+8) (build 22.0.1+8)
# Java VM: OpenJDK 64-Bit Server VM Temurin-22.0.1+8 (22.0.1+8, mixed mode, emulated-client, tiered, compressed oops, compressed class ptrs, g1 gc, windows-amd64)
GC Precious Log:
 CardTable entry size: 512
 Card Set container configuration: InlinePtr #cards 4 size 8 Array Of Cards #cards 16 size 48 Howl #buckets 8 coarsen threshold 3686 Howl Bitmap #cards 512 size 80 coarsen threshold 460 Card regions per heap region 1 cards per card region 4096
 CPUs: 20 total, 20 available
 Memory: 14043M
 Large Page Support: Disabled
 NUMA Support: Disabled
 Compressed Oops: Enabled (Zero based)
 Heap Region Size: 2M
 Heap Min Capacity: 8M
 Heap Initial Capacity: 220M
 Heap Max Capacity: 3512M
 Pre-touch: Disabled
 Parallel Workers: 15
 Concurrent Workers: 4
 Concurrent Refinement Workers: 15
 Periodic GC: Disabled
Heap:
 garbage-first heap   total reserved 3596288K, committed 137216K, used 89210K [0x0000000724800000, 0x0000000800000000)
  region size 2048K, 40 young (81920K), 3 survivors (6144K)
 Metaspace       used 45817K, committed 46400K, reserved 1114112K
  class space    used 5953K, committed 6208K, reserved 1048576K
GC Heap History (20 events):
Event: 0.417 GC heap before
{Heap before GC invocations=1 (full 0):
 garbage-first heap   total reserved 3596288K, committed 225280K, used 14051K [0x0000000724800000, 0x0000000800000000)
  region size 2048K, 7 young (14336K), 2 survivors (4096K)
 Metaspace       used 16828K, committed 17024K, reserved 1114112K
  class space    used 1666K, committed 1792K, reserved 1048576K
}
Event: 0.420 GC heap after
{Heap after GC invocations=2 (full 0):
 garbage-first heap   total reserved 3596288K, committed 225280K, used 6351K [0x0000000724800000, 0x0000000800000000)
  region size 2048K, 1 young (2048K), 1 survivors (2048K)
 Metaspace       used 16828K, committed 17024K, reserved 1114112K
  class space    used 1666K, committed 1792K, reserved 1048576K
}
Event: 0.522 GC heap before
{Heap before GC invocations=3 (full 0):
 garbage-first heap   total reserved 3596288K, committed 28672K, used 26831K [0x0000000724800000, 0x0000000800000000)
  region size 2048K, 11 young (22528K), 1 survivors (2048K)
 Metaspace       used 18740K, committed 19008K, reserved 1114112K
  class space    used 1938K, committed 2048K, reserved 1048576K
}
Event: 0.524 GC heap after
{Heap after GC invocations=4 (full 0):
 garbage-first heap   total reserved 3596288K, committed 30720K, used 7139K [0x0000000724800000, 0x0000000800000000)
  region size 2048K, 1 young (2048K), 1 survivors (2048K)
 Metaspace       used 18740K, committed 19008K, reserved 1114112K
  class space    used 1938K, committed 2048K, reserved 1048576K
}
Event: 0.570 GC heap before
{Heap before GC invocations=4 (full 0):
 garbage-first heap   total reserved 3596288K, committed 30720K, used 23523K [0x0000000724800000, 0x0000000800000000)
  region size 2048K, 9 young (18432K), 1 survivors (2048K)
 Metaspace       used 20274K, committed 20608K, reserved 1114112K
  class space    used 2161K, committed 2304K, reserved 1048576K
}
Event: 0.572 GC heap after
{Heap after GC invocations=5 (full 0):
 garbage-first heap   total reserved 3596288K, committed 30720K, used 7665K [0x0000000724800000, 0x0000000800000000)
  region size 2048K, 1 young (2048K), 1 survivors (2048K)
 Metaspace       used 20274K, committed 20608K, reserved 1114112K
  class space    used 2161K, committed 2304K, reserved 1048576K
}
Event: 0.668 GC heap before
{Heap before GC invocations=5 (full 0):
 garbage-first heap   total reserved 3596288K, committed 30720K, used 22001K [0x0000000724800000, 0x0000000800000000)
  region size 2048K, 9 young (18432K), 1 survivors (2048K)
 Metaspace       used 21581K, committed 21952K, reserved 1114112K
  class space    used 2385K, committed 2560K, reserved 1048576K
}
Event: 0.671 GC heap after
{Heap after GC invocations=6 (full 0):
 garbage-first heap   total reserved 3596288K, committed 30720K, used 8537K [0x0000000724800000, 0x0000000800000000)
  region size 2048K, 2 young (4096K), 2 survivors (4096K)
 Metaspace       used 21581K, committed 21952K, reserved 1114112K
  class space    used 2385K, committed 2560K, reserved 1048576K
}
Event: 0.724 GC heap before
{Heap before GC invocations=6 (full 0):
 garbage-first heap   total reserved 3596288K, committed 30720K, used 20825K [0x0000000724800000, 0x0000000800000000)
  region size 2048K, 9 young (18432K), 2 survivors (4096K)
 Metaspace       used 23080K, committed 23424K, reserved 1114112K
  class space    used 2619K, committed 2752K, reserved 1048576K
}
Event: 0.726 GC heap after
{Heap after GC invocations=7 (full 0):
 garbage-first heap   total reserved 3596288K, committed 129024K, used 8844K [0x0000000724800000, 0x0000000800000000)
  region size 2048K, 1 young (2048K), 1 survivors (2048K)
 Metaspace       used 23080K, committed 23424K, reserved 1114112K
  class space    used 2619K, committed 2752K, reserved 1048576K
}
Event: 0.855 GC heap before
{Heap before GC invocations=7 (full 0):
 garbage-first heap   total reserved 3596288K, committed 129024K, used 64140K [0x0000000724800000, 0x0000000800000000)
  region size 2048K, 30 young (61440K), 1 survivors (2048K)
 Metaspace       used 28052K, committed 28416K, reserved 1114112K
  class space    used 3360K, committed 3520K, reserved 1048576K
}
Event: 0.857 GC heap after
{Heap after GC invocations=8 (full 0):
 garbage-first heap   total reserved 3596288K, committed 129024K, used 10200K [0x0000000724800000, 0x0000000800000000)
  region size 2048K, 2 young (4096K), 2 survivors (4096K)
 Metaspace       used 28052K, committed 28416K, reserved 1114112K
  class space    used 3360K, committed 3520K, reserved 1048576K
}
Event: 0.918 GC heap before
{Heap before GC invocations=9 (full 0):
 garbage-first heap   total reserved 3596288K, committed 40960K, used 36824K [0x0000000724800000, 0x0000000800000000)
  region size 2048K, 16 young (32768K), 2 survivors (4096K)
 Metaspace       used 30394K, committed 30784K, reserved 1114112K
  class space    used 3597K, committed 3776K, reserved 1048576K
}
Event: 0.920 GC heap after
{Heap after GC invocations=10 (full 0):
 garbage-first heap   total reserved 3596288K, committed 47104K, used 11548K [0x0000000724800000, 0x0000000800000000)
  region size 2048K, 3 young (6144K), 3 survivors (6144K)
 Metaspace       used 30394K, committed 30784K, reserved 1114112K
  class space    used 3597K, committed 3776K, reserved 1048576K
}
Event: 0.947 GC heap before
{Heap before GC invocations=10 (full 0):
 garbage-first heap   total reserved 3596288K, committed 47104K, used 32028K [0x0000000724800000, 0x0000000800000000)
  region size 2048K, 13 young (26624K), 3 survivors (6144K)
 Metaspace       used 31980K, committed 32384K, reserved 1114112K
  class space    used 3773K, committed 3968K, reserved 1048576K
}
Event: 0.949 GC heap after
{Heap after GC invocations=11 (full 0):
 garbage-first heap   total reserved 3596288K, committed 47104K, used 11818K [0x0000000724800000, 0x0000000800000000)
  region size 2048K, 1 young (2048K), 1 survivors (2048K)
 Metaspace       used 31980K, committed 32384K, reserved 1114112K
  class space    used 3773K, committed 3968K, reserved 1048576K
}
Event: 1.002 GC heap before
{Heap before GC invocations=11 (full 0):
 garbage-first heap   total reserved 3596288K, committed 47104K, used 36394K [0x0000000724800000, 0x0000000800000000)
  region size 2048K, 13 young (26624K), 1 survivors (2048K)
 Metaspace       used 33542K, committed 33920K, reserved 1114112K
  class space    used 4014K, committed 4160K, reserved 1048576K
}
Event: 1.004 GC heap after
{Heap after GC invocations=12 (full 0):
 garbage-first heap   total reserved 3596288K, committed 137216K, used 12612K [0x0000000724800000, 0x0000000800000000)
  region size 2048K, 2 young (4096K), 2 survivors (4096K)
 Metaspace       used 33542K, committed 33920K, reserved 1114112K
  class space    used 4014K, committed 4160K, reserved 1048576K
}
Event: 1.371 GC heap before
{Heap before GC invocations=12 (full 0):
 garbage-first heap   total reserved 3596288K, committed 137216K, used 88388K [0x0000000724800000, 0x0000000800000000)
  region size 2048K, 40 young (81920K), 2 survivors (4096K)
 Metaspace       used 39321K, committed 39872K, reserved 1114112K
  class space    used 4952K, committed 5184K, reserved 1048576K
}
Event: 1.376 GC heap after
{Heap after GC invocations=13 (full 0):
 garbage-first heap   total reserved 3596288K, committed 137216K, used 15482K [0x0000000724800000, 0x0000000800000000)
  region size 2048K, 3 young (6144K), 3 survivors (6144K)
 Metaspace       used 39321K, committed 39872K, reserved 1114112K
  class space    used 4952K, committed 5184K, reserved 1048576K
}

